14:29:21.300 [main] INFO  c.jbrisbin.groovy.mqdsl.RabbitMQDsl - Running script...
14:29:21.306 [main] INFO  c.jbrisbin.groovy.mqdsl.RabbitMQDsl - Host: localhost
14:29:21.307 [main] INFO  c.jbrisbin.groovy.mqdsl.RabbitMQDsl - Vhost: /
14:29:21.307 [main] INFO  c.jbrisbin.groovy.mqdsl.RabbitMQDsl - port: 5672
14:29:21.307 [main] INFO  c.jbrisbin.groovy.mqdsl.RabbitMQDsl - username: guest
14:29:21.484 [main] INFO  c.jbrisbin.groovy.mqdsl.RabbitMQDsl - /home/joconnor/.mqdsl.d
14:29:21.486 [main] ERROR c.jbrisbin.groovy.mqdsl.RabbitMQDsl - The script has syntax errors
java.io.FileNotFoundException: /home/joconnor/.mqdsl.d (/home/joconnor/.mqdsl.d)
	at groovy.lang.GroovyCodeSource.<init>(GroovyCodeSource.java:106) ~[rabbitmq-dsl-1.3.5-SNAPSHOT.jar:na]
	at groovy.lang.GroovyShell.parse(GroovyShell.java:713) ~[rabbitmq-dsl-1.3.5-SNAPSHOT.jar:na]
	at com.jbrisbin.groovy.mqdsl.RabbitMQDsl.run(RabbitMQDsl.java:223) [rabbitmq-dsl-1.3.5-SNAPSHOT.jar:na]
	at com.jbrisbin.groovy.mqdsl.RabbitMQDsl.main(RabbitMQDsl.java:182) [rabbitmq-dsl-1.3.5-SNAPSHOT.jar:na]
14:29:21.487 [main] INFO  c.jbrisbin.groovy.mqdsl.RabbitMQDsl - #!/bin/sh

#./mqdsl -h qlnasrmq02 -p 5672 -U 'integration-write' -P 'famc:4321' -v integration -f 'test.groovy'
./mqdsl -f 'test.groovy'
14:29:21.487 [main] INFO  c.jbrisbin.groovy.mqdsl.RabbitMQDsl - #!/bin/sh

#./mqdsl -h qlnasrmq02 -p 5672 -U 'integration-write' -P 'famc:4321' -v integration -f 'test.groovy'
./mqdsl -f 'test.groovy'
14:29:21.565 [main] ERROR c.jbrisbin.groovy.mqdsl.RabbitMQDsl - The script has syntax errors
org.codehaus.groovy.control.MultipleCompilationErrorsException: startup failed:
Script1.groovy: 3: unexpected char: '#' @ line 3, column 1.
   #./mqdsl -h qlnasrmq02 -p 5672 -U 'integration-write' -P 'famc:4321' -v integration -f 'test.groovy'
   ^

1 error

	at org.codehaus.groovy.control.ErrorCollector.failIfErrors(ErrorCollector.java:309) ~[rabbitmq-dsl-1.3.5-SNAPSHOT.jar:na]
	at org.codehaus.groovy.control.ErrorCollector.addFatalError(ErrorCollector.java:149) ~[rabbitmq-dsl-1.3.5-SNAPSHOT.jar:na]
	at org.codehaus.groovy.control.ErrorCollector.addError(ErrorCollector.java:119) ~[rabbitmq-dsl-1.3.5-SNAPSHOT.jar:na]
	at org.codehaus.groovy.control.ErrorCollector.addError(ErrorCollector.java:131) ~[rabbitmq-dsl-1.3.5-SNAPSHOT.jar:na]
	at org.codehaus.groovy.control.SourceUnit.addError(SourceUnit.java:359) ~[rabbitmq-dsl-1.3.5-SNAPSHOT.jar:na]
	at org.codehaus.groovy.antlr.AntlrParserPlugin.transformCSTIntoAST(AntlrParserPlugin.java:137) ~[rabbitmq-dsl-1.3.5-SNAPSHOT.jar:na]
	at org.codehaus.groovy.antlr.AntlrParserPlugin.parseCST(AntlrParserPlugin.java:108) ~[rabbitmq-dsl-1.3.5-SNAPSHOT.jar:na]
	at org.codehaus.groovy.control.SourceUnit.parse(SourceUnit.java:236) ~[rabbitmq-dsl-1.3.5-SNAPSHOT.jar:na]
	at org.codehaus.groovy.control.CompilationUnit$1.call(CompilationUnit.java:164) ~[rabbitmq-dsl-1.3.5-SNAPSHOT.jar:na]
	at org.codehaus.groovy.control.CompilationUnit.applyToSourceUnits(CompilationUnit.java:928) ~[rabbitmq-dsl-1.3.5-SNAPSHOT.jar:na]
	at org.codehaus.groovy.control.CompilationUnit.doPhaseOperation(CompilationUnit.java:590) ~[rabbitmq-dsl-1.3.5-SNAPSHOT.jar:na]
	at org.codehaus.groovy.control.CompilationUnit.processPhaseOperations(CompilationUnit.java:566) ~[rabbitmq-dsl-1.3.5-SNAPSHOT.jar:na]
	at org.codehaus.groovy.control.CompilationUnit.compile(CompilationUnit.java:543) ~[rabbitmq-dsl-1.3.5-SNAPSHOT.jar:na]
	at groovy.lang.GroovyClassLoader.doParseClass(GroovyClassLoader.java:297) ~[rabbitmq-dsl-1.3.5-SNAPSHOT.jar:na]
	at groovy.lang.GroovyClassLoader.parseClass(GroovyClassLoader.java:267) ~[rabbitmq-dsl-1.3.5-SNAPSHOT.jar:na]
	at groovy.lang.GroovyShell.parseClass(GroovyShell.java:692) ~[rabbitmq-dsl-1.3.5-SNAPSHOT.jar:na]
	at groovy.lang.GroovyShell.parse(GroovyShell.java:704) ~[rabbitmq-dsl-1.3.5-SNAPSHOT.jar:na]
	at groovy.lang.GroovyShell.parse(GroovyShell.java:740) ~[rabbitmq-dsl-1.3.5-SNAPSHOT.jar:na]
	at groovy.lang.GroovyShell.parse(GroovyShell.java:731) ~[rabbitmq-dsl-1.3.5-SNAPSHOT.jar:na]
	at com.jbrisbin.groovy.mqdsl.RabbitMQDsl.run(RabbitMQDsl.java:227) [rabbitmq-dsl-1.3.5-SNAPSHOT.jar:na]
	at com.jbrisbin.groovy.mqdsl.RabbitMQDsl.main(RabbitMQDsl.java:186) [rabbitmq-dsl-1.3.5-SNAPSHOT.jar:na]
14:29:21.565 [main] INFO  c.jbrisbin.groovy.mqdsl.RabbitMQDsl - Finished successfully.
14:29:31.678 [main] INFO  c.jbrisbin.groovy.mqdsl.RabbitMQDsl - Running script...
14:29:31.686 [main] INFO  c.jbrisbin.groovy.mqdsl.RabbitMQDsl - Host: localhost
14:29:31.686 [main] INFO  c.jbrisbin.groovy.mqdsl.RabbitMQDsl - Vhost: /
14:29:31.686 [main] INFO  c.jbrisbin.groovy.mqdsl.RabbitMQDsl - port: 5672
14:29:31.686 [main] INFO  c.jbrisbin.groovy.mqdsl.RabbitMQDsl - username: guest
14:29:31.863 [main] INFO  c.jbrisbin.groovy.mqdsl.RabbitMQDsl - /home/joconnor/.mqdsl.d
14:29:31.865 [main] ERROR c.jbrisbin.groovy.mqdsl.RabbitMQDsl - The script has syntax errors
java.io.FileNotFoundException: /home/joconnor/.mqdsl.d (/home/joconnor/.mqdsl.d)
	at groovy.lang.GroovyCodeSource.<init>(GroovyCodeSource.java:106) ~[rabbitmq-dsl-1.3.5-SNAPSHOT.jar:na]
	at groovy.lang.GroovyShell.parse(GroovyShell.java:713) ~[rabbitmq-dsl-1.3.5-SNAPSHOT.jar:na]
	at com.jbrisbin.groovy.mqdsl.RabbitMQDsl.run(RabbitMQDsl.java:223) [rabbitmq-dsl-1.3.5-SNAPSHOT.jar:na]
	at com.jbrisbin.groovy.mqdsl.RabbitMQDsl.main(RabbitMQDsl.java:182) [rabbitmq-dsl-1.3.5-SNAPSHOT.jar:na]
14:29:31.865 [main] INFO  c.jbrisbin.groovy.mqdsl.RabbitMQDsl - mq.init(
		host: 'qlnasrmq02',
		port: 5672,
		vhost: 'integration',
		username: 'integration-write',
		password: 'famc:4321')

mq.exchange(name: "", type: "direct") {
	publish(routingKey: "MAIL.SENDER", 
		contentType: "application/json", 
		"__TypeId__":"com.famc.integration.email.dto.IntegrationMailMessage") { out ->
		out.write '''
			{
				"html":"false",
				"recipients":["joconnor@franklinamerican.com"],
				"mailFrom":"test@franklinamerican.com",
				"msgBody":"This is a test",
				"subject":"TEST FROM PROD QUEUE"
			}
		'''.bytes
	}
}
14:29:31.866 [main] INFO  c.jbrisbin.groovy.mqdsl.RabbitMQDsl - mq.init(
		host: 'qlnasrmq02',
		port: 5672,
		vhost: 'integration',
		username: 'integration-write',
		password: 'famc:4321')

mq.exchange(name: "", type: "direct") {
	publish(routingKey: "MAIL.SENDER", 
		contentType: "application/json", 
		"__TypeId__":"com.famc.integration.email.dto.IntegrationMailMessage") { out ->
		out.write '''
			{
				"html":"false",
				"recipients":["joconnor@franklinamerican.com"],
				"mailFrom":"test@franklinamerican.com",
				"msgBody":"This is a test",
				"subject":"TEST FROM PROD QUEUE"
			}
		'''.bytes
	}
}
14:29:32.166 [main] INFO  c.jbrisbin.groovy.mqdsl.RabbitMQDsl - Finished successfully.
14:38:28.966 [main] INFO  c.jbrisbin.groovy.mqdsl.RabbitMQDsl - Running script...
14:38:28.973 [main] INFO  c.jbrisbin.groovy.mqdsl.RabbitMQDsl - Host: localhost
14:38:28.974 [main] INFO  c.jbrisbin.groovy.mqdsl.RabbitMQDsl - Vhost: /
14:38:28.974 [main] INFO  c.jbrisbin.groovy.mqdsl.RabbitMQDsl - port: 5672
14:38:28.974 [main] INFO  c.jbrisbin.groovy.mqdsl.RabbitMQDsl - username: guest
14:38:29.145 [main] INFO  c.jbrisbin.groovy.mqdsl.RabbitMQDsl - mq.init(
		host: 'qlnasrmq02',
		port: 5672,
		vhost: 'integration',
		username: 'integration-write',
		password: 'famc:4321')

mq.exchange(name: "", type: "direct") {
	publish(routingKey: "MAIL.SENDER", 
		contentType: "application/json", 
		"__TypeId__":"com.famc.integration.email.dto.IntegrationMailMessage") { out ->
		out.write '''
			{
				"html":"false",
				"recipients":["joconnor@franklinamerican.com"],
				"mailFrom":"test@franklinamerican.com",
				"msgBody":"This is a test",
				"subject":"TEST FROM PROD QUEUE"
			}
		'''.stringIndent().bytes
	}
}
14:38:29.146 [main] INFO  c.jbrisbin.groovy.mqdsl.RabbitMQDsl - mq.init(
		host: 'qlnasrmq02',
		port: 5672,
		vhost: 'integration',
		username: 'integration-write',
		password: 'famc:4321')

mq.exchange(name: "", type: "direct") {
	publish(routingKey: "MAIL.SENDER", 
		contentType: "application/json", 
		"__TypeId__":"com.famc.integration.email.dto.IntegrationMailMessage") { out ->
		out.write '''
			{
				"html":"false",
				"recipients":["joconnor@franklinamerican.com"],
				"mailFrom":"test@franklinamerican.com",
				"msgBody":"This is a test",
				"subject":"TEST FROM PROD QUEUE"
			}
		'''.stringIndent().bytes
	}
}
14:38:29.457 [main] ERROR c.jbrisbin.groovy.mqdsl.RabbitMQDsl - The script has syntax errors
groovy.lang.MissingMethodException: No signature of method: java.lang.String.stringIndent() is applicable for argument types: () values: []
Possible solutions: stripIndent(), stripIndent(int)
	at org.codehaus.groovy.runtime.ScriptBytecodeAdapter.unwrap(ScriptBytecodeAdapter.java:56) ~[rabbitmq-dsl-1.3.5-SNAPSHOT.jar:na]
	at org.codehaus.groovy.runtime.callsite.PojoMetaClassSite.call(PojoMetaClassSite.java:46) ~[rabbitmq-dsl-1.3.5-SNAPSHOT.jar:na]
	at org.codehaus.groovy.runtime.callsite.CallSiteArray.defaultCall(CallSiteArray.java:45) ~[rabbitmq-dsl-1.3.5-SNAPSHOT.jar:na]
	at org.codehaus.groovy.runtime.callsite.AbstractCallSite.call(AbstractCallSite.java:110) ~[rabbitmq-dsl-1.3.5-SNAPSHOT.jar:na]
	at org.codehaus.groovy.runtime.callsite.AbstractCallSite.call(AbstractCallSite.java:114) ~[rabbitmq-dsl-1.3.5-SNAPSHOT.jar:na]
	at Script1$_run_closure1$_closure2.doCall(Script1.groovy:12) ~[na:na]
	at sun.reflect.NativeMethodAccessorImpl.invoke0(Native Method) ~[na:1.6.0_45]
	at sun.reflect.NativeMethodAccessorImpl.invoke(NativeMethodAccessorImpl.java:39) ~[na:1.6.0_45]
	at sun.reflect.DelegatingMethodAccessorImpl.invoke(DelegatingMethodAccessorImpl.java:25) ~[na:1.6.0_45]
	at java.lang.reflect.Method.invoke(Method.java:597) ~[na:1.6.0_45]
	at org.codehaus.groovy.reflection.CachedMethod.invoke(CachedMethod.java:90) ~[rabbitmq-dsl-1.3.5-SNAPSHOT.jar:na]
	at groovy.lang.MetaMethod.doMethodInvoke(MetaMethod.java:324) ~[rabbitmq-dsl-1.3.5-SNAPSHOT.jar:na]
	at org.codehaus.groovy.runtime.metaclass.ClosureMetaClass.invokeMethod(ClosureMetaClass.java:292) ~[rabbitmq-dsl-1.3.5-SNAPSHOT.jar:na]
	at groovy.lang.MetaClassImpl.invokeMethod(MetaClassImpl.java:1016) ~[rabbitmq-dsl-1.3.5-SNAPSHOT.jar:na]
	at groovy.lang.Closure.call(Closure.java:423) ~[rabbitmq-dsl-1.3.5-SNAPSHOT.jar:na]
	at groovy.lang.Closure.call(Closure.java:439) ~[rabbitmq-dsl-1.3.5-SNAPSHOT.jar:na]
	at com.jbrisbin.groovy.mqdsl.RabbitMQBuilder$Publish.call(RabbitMQBuilder.java:187) ~[rabbitmq-dsl-1.3.5-SNAPSHOT.jar:na]
	at sun.reflect.NativeMethodAccessorImpl.invoke0(Native Method) ~[na:1.6.0_45]
	at sun.reflect.NativeMethodAccessorImpl.invoke(NativeMethodAccessorImpl.java:39) ~[na:1.6.0_45]
	at sun.reflect.DelegatingMethodAccessorImpl.invoke(DelegatingMethodAccessorImpl.java:25) ~[na:1.6.0_45]
	at java.lang.reflect.Method.invoke(Method.java:597) ~[na:1.6.0_45]
	at org.codehaus.groovy.reflection.CachedMethod.invoke(CachedMethod.java:90) ~[rabbitmq-dsl-1.3.5-SNAPSHOT.jar:na]
	at groovy.lang.MetaMethod.doMethodInvoke(MetaMethod.java:324) ~[rabbitmq-dsl-1.3.5-SNAPSHOT.jar:na]
	at groovy.lang.MetaClassImpl.invokeMethod(MetaClassImpl.java:1207) ~[rabbitmq-dsl-1.3.5-SNAPSHOT.jar:na]
	at groovy.lang.MetaClassImpl.invokeMethod(MetaClassImpl.java:1016) ~[rabbitmq-dsl-1.3.5-SNAPSHOT.jar:na]
	at groovy.lang.MetaClassImpl.invokeMethod(MetaClassImpl.java:807) ~[rabbitmq-dsl-1.3.5-SNAPSHOT.jar:na]
	at groovy.lang.GroovyObjectSupport.invokeMethod(GroovyObjectSupport.java:44) ~[rabbitmq-dsl-1.3.5-SNAPSHOT.jar:na]
	at com.jbrisbin.groovy.mqdsl.RabbitMQBuilder.invokeMethod(RabbitMQBuilder.java:551) ~[rabbitmq-dsl-1.3.5-SNAPSHOT.jar:na]
	at org.codehaus.groovy.runtime.metaclass.ClosureMetaClass.invokeOnDelegationObjects(ClosureMetaClass.java:444) ~[rabbitmq-dsl-1.3.5-SNAPSHOT.jar:na]
	at org.codehaus.groovy.runtime.metaclass.ClosureMetaClass.invokeMethod(ClosureMetaClass.java:367) ~[rabbitmq-dsl-1.3.5-SNAPSHOT.jar:na]
	at groovy.lang.MetaClassImpl.invokeMethod(MetaClassImpl.java:1016) ~[rabbitmq-dsl-1.3.5-SNAPSHOT.jar:na]
	at org.codehaus.groovy.runtime.callsite.PogoMetaClassSite.callCurrent(PogoMetaClassSite.java:66) ~[rabbitmq-dsl-1.3.5-SNAPSHOT.jar:na]
	at org.codehaus.groovy.runtime.callsite.CallSiteArray.defaultCallCurrent(CallSiteArray.java:49) ~[rabbitmq-dsl-1.3.5-SNAPSHOT.jar:na]
	at org.codehaus.groovy.runtime.callsite.AbstractCallSite.callCurrent(AbstractCallSite.java:151) ~[rabbitmq-dsl-1.3.5-SNAPSHOT.jar:na]
	at org.codehaus.groovy.runtime.callsite.AbstractCallSite.callCurrent(AbstractCallSite.java:171) ~[rabbitmq-dsl-1.3.5-SNAPSHOT.jar:na]
	at Script1$_run_closure1.doCall(Script1.groovy:9) ~[na:na]
	at Script1$_run_closure1.doCall(Script1.groovy) ~[na:na]
	at sun.reflect.NativeMethodAccessorImpl.invoke0(Native Method) ~[na:1.6.0_45]
	at sun.reflect.NativeMethodAccessorImpl.invoke(NativeMethodAccessorImpl.java:39) ~[na:1.6.0_45]
	at sun.reflect.DelegatingMethodAccessorImpl.invoke(DelegatingMethodAccessorImpl.java:25) ~[na:1.6.0_45]
	at java.lang.reflect.Method.invoke(Method.java:597) ~[na:1.6.0_45]
	at org.codehaus.groovy.reflection.CachedMethod.invoke(CachedMethod.java:90) ~[rabbitmq-dsl-1.3.5-SNAPSHOT.jar:na]
	at groovy.lang.MetaMethod.doMethodInvoke(MetaMethod.java:324) ~[rabbitmq-dsl-1.3.5-SNAPSHOT.jar:na]
	at org.codehaus.groovy.runtime.metaclass.ClosureMetaClass.invokeMethod(ClosureMetaClass.java:292) ~[rabbitmq-dsl-1.3.5-SNAPSHOT.jar:na]
	at groovy.lang.MetaClassImpl.invokeMethod(MetaClassImpl.java:1016) ~[rabbitmq-dsl-1.3.5-SNAPSHOT.jar:na]
	at groovy.lang.Closure.call(Closure.java:423) ~[rabbitmq-dsl-1.3.5-SNAPSHOT.jar:na]
	at groovy.lang.Closure.call(Closure.java:417) ~[rabbitmq-dsl-1.3.5-SNAPSHOT.jar:na]
	at groovy.util.BuilderSupport.doInvokeMethod(BuilderSupport.java:143) ~[rabbitmq-dsl-1.3.5-SNAPSHOT.jar:na]
	at groovy.util.BuilderSupport.invokeMethod(BuilderSupport.java:64) ~[rabbitmq-dsl-1.3.5-SNAPSHOT.jar:na]
	at com.jbrisbin.groovy.mqdsl.RabbitMQBuilder.invokeMethod(RabbitMQBuilder.java:555) ~[rabbitmq-dsl-1.3.5-SNAPSHOT.jar:na]
	at org.codehaus.groovy.runtime.callsite.PogoMetaClassSite.call(PogoMetaClassSite.java:45) ~[rabbitmq-dsl-1.3.5-SNAPSHOT.jar:na]
	at org.codehaus.groovy.runtime.callsite.CallSiteArray.defaultCall(CallSiteArray.java:45) ~[rabbitmq-dsl-1.3.5-SNAPSHOT.jar:na]
	at org.codehaus.groovy.runtime.callsite.AbstractCallSite.call(AbstractCallSite.java:110) ~[rabbitmq-dsl-1.3.5-SNAPSHOT.jar:na]
	at org.codehaus.groovy.runtime.callsite.AbstractCallSite.call(AbstractCallSite.java:130) ~[rabbitmq-dsl-1.3.5-SNAPSHOT.jar:na]
	at Script1.run(Script1.groovy:8) ~[na:na]
	at com.jbrisbin.groovy.mqdsl.RabbitMQDsl.run(RabbitMQDsl.java:230) [rabbitmq-dsl-1.3.5-SNAPSHOT.jar:na]
	at com.jbrisbin.groovy.mqdsl.RabbitMQDsl.main(RabbitMQDsl.java:184) [rabbitmq-dsl-1.3.5-SNAPSHOT.jar:na]
14:38:29.458 [main] INFO  c.jbrisbin.groovy.mqdsl.RabbitMQDsl - Finished successfully.
14:38:48.078 [main] INFO  c.jbrisbin.groovy.mqdsl.RabbitMQDsl - Running script...
14:38:48.085 [main] INFO  c.jbrisbin.groovy.mqdsl.RabbitMQDsl - Host: localhost
14:38:48.085 [main] INFO  c.jbrisbin.groovy.mqdsl.RabbitMQDsl - Vhost: /
14:38:48.085 [main] INFO  c.jbrisbin.groovy.mqdsl.RabbitMQDsl - port: 5672
14:38:48.085 [main] INFO  c.jbrisbin.groovy.mqdsl.RabbitMQDsl - username: guest
14:38:48.258 [main] INFO  c.jbrisbin.groovy.mqdsl.RabbitMQDsl - mq.init(
		host: 'qlnasrmq02',
		port: 5672,
		vhost: 'integration',
		username: 'integration-write',
		password: 'famc:4321')

mq.exchange(name: "", type: "direct") {
	publish(routingKey: "MAIL.SENDER", 
		contentType: "application/json", 
		"__TypeId__":"com.famc.integration.email.dto.IntegrationMailMessage") { out ->
		out.write '''
			{
				"html":"false",
				"recipients":["joconnor@franklinamerican.com"],
				"mailFrom":"test@franklinamerican.com",
				"msgBody":"This is a test",
				"subject":"TEST FROM PROD QUEUE"
			}
		'''.stripIndent().bytes
	}
}
14:38:48.258 [main] INFO  c.jbrisbin.groovy.mqdsl.RabbitMQDsl - mq.init(
		host: 'qlnasrmq02',
		port: 5672,
		vhost: 'integration',
		username: 'integration-write',
		password: 'famc:4321')

mq.exchange(name: "", type: "direct") {
	publish(routingKey: "MAIL.SENDER", 
		contentType: "application/json", 
		"__TypeId__":"com.famc.integration.email.dto.IntegrationMailMessage") { out ->
		out.write '''
			{
				"html":"false",
				"recipients":["joconnor@franklinamerican.com"],
				"mailFrom":"test@franklinamerican.com",
				"msgBody":"This is a test",
				"subject":"TEST FROM PROD QUEUE"
			}
		'''.stripIndent().bytes
	}
}
14:38:48.565 [main] INFO  c.jbrisbin.groovy.mqdsl.RabbitMQDsl - Finished successfully.
